<?xml version="1.0" encoding="UTF-8"?>
<testng-results ignored="0" total="1" passed="1" failed="0" skipped="0">
  <reporter-output>
  </reporter-output>
  <suite started-at="2023-02-17T13:30:49 IST" name="Surefire suite" finished-at="2023-02-17T13:31:55 IST" duration-ms="66502">
    <groups>
    </groups>
    <test started-at="2023-02-17T13:30:49 IST" name="Surefire test" finished-at="2023-02-17T13:31:55 IST" duration-ms="66502">
      <class name="com.nop.testLayer.CheckTest">
        <test-method is-config="true" signature="launchApplication()[pri:0, instance:com.nop.testLayer.CheckTest@6646153]" started-at="2023-02-17T13:30:49 IST" name="launchApplication" finished-at="2023-02-17T13:31:51 IST" duration-ms="61810" status="PASS">
          <reporter-output>
          </reporter-output>
        </test-method> <!-- launchApplication -->
        <test-method signature="checkTest()[pri:0, instance:com.nop.testLayer.CheckTest@6646153]" started-at="2023-02-17T13:31:51 IST" name="checkTest" finished-at="2023-02-17T13:31:55 IST" duration-ms="4586" status="PASS">
          <reporter-output>
          </reporter-output>
        </test-method> <!-- checkTest -->
        <test-method is-config="true" signature="tearDown()[pri:0, instance:com.nop.testLayer.CheckTest@6646153]" started-at="2023-02-17T13:31:55 IST" name="tearDown" finished-at="2023-02-17T13:31:55 IST" duration-ms="3" status="PASS">
          <reporter-output>
          </reporter-output>
        </test-method> <!-- tearDown -->
      </class> <!-- com.nop.testLayer.CheckTest -->
    </test> <!-- Surefire test -->
  </suite> <!-- Surefire suite -->
</testng-results>
