<?xml version="1.0" encoding="UTF-8"?>
<testng-results ignored="0" total="1" passed="1" failed="0" skipped="0">
  <reporter-output>
  </reporter-output>
  <suite started-at="2023-02-18T09:31:22 IST" name="Suite" finished-at="2023-02-18T09:31:49 IST" duration-ms="26674">
    <groups>
    </groups>
    <test started-at="2023-02-18T09:31:22 IST" name="Test" finished-at="2023-02-18T09:31:49 IST" duration-ms="26674">
      <class name="com.nop.testLayer.CheckTest">
        <test-method is-config="true" signature="start()[pri:0, instance:com.nop.testLayer.CheckTest@68c9d179]" started-at="2023-02-18T09:31:22 IST" name="start" finished-at="2023-02-18T09:31:22 IST" duration-ms="247" status="PASS">
          <reporter-output>
          </reporter-output>
        </test-method> <!-- start -->
        <test-method is-config="true" signature="launchApplication()[pri:0, instance:com.nop.testLayer.CheckTest@68c9d179]" started-at="2023-02-18T09:31:22 IST" name="launchApplication" finished-at="2023-02-18T09:31:45 IST" duration-ms="22195" status="PASS">
          <reporter-output>
          </reporter-output>
        </test-method> <!-- launchApplication -->
        <test-method signature="checkTest()[pri:0, instance:com.nop.testLayer.CheckTest@68c9d179]" started-at="2023-02-18T09:31:45 IST" name="checkTest" finished-at="2023-02-18T09:31:49 IST" duration-ms="4142" status="PASS">
          <reporter-output>
          </reporter-output>
        </test-method> <!-- checkTest -->
        <test-method is-config="true" signature="tearDown()[pri:0, instance:com.nop.testLayer.CheckTest@68c9d179]" started-at="2023-02-18T09:31:49 IST" name="tearDown" finished-at="2023-02-18T09:31:49 IST" duration-ms="3" status="PASS">
          <reporter-output>
          </reporter-output>
        </test-method> <!-- tearDown -->
        <test-method is-config="true" signature="finish()[pri:0, instance:com.nop.testLayer.CheckTest@68c9d179]" started-at="2023-02-18T09:31:49 IST" name="finish" finished-at="2023-02-18T09:31:49 IST" duration-ms="4" status="PASS">
          <reporter-output>
          </reporter-output>
        </test-method> <!-- finish -->
      </class> <!-- com.nop.testLayer.CheckTest -->
    </test> <!-- Test -->
  </suite> <!-- Suite -->
</testng-results>
